<?xml version="1.0" encoding="UTF-8"?>
<!-- Generated by org.testng.reporters.JUnitXMLReporter -->
<testsuite hostname="DESKTOP-A8O5G04" ignored="0" name="Appium Mobile" tests="4" failures="2" timestamp="2022-02-16T16:24:00 GMT" time="301.393" errors="0">
  <testcase name="@AfterTest tearDown" time="0.0" classname="ahamaz21.SeleniumBrowserTest">
    <failure type="java.lang.NullPointerException">
      <![CDATA[java.lang.NullPointerException
at ahamaz21.SeleniumBrowserTest.tearDown(SeleniumBrowserTest.java:86)
at java.util.concurrent.FutureTask.run(FutureTask.java:266)
at java.util.concurrent.ThreadPoolExecutor.runWorker(ThreadPoolExecutor.java:1149)
at java.util.concurrent.ThreadPoolExecutor$Worker.run(ThreadPoolExecutor.java:624)
at java.lang.Thread.run(Thread.java:748)
... Removed 15 stack frames]]>
    </failure>
  </testcase> <!-- @AfterTest tearDown -->
  <testcase name="SeleniumAutomation1" time="186.325" classname="ahamaz21.SeleniumBrowserTest">
    <failure type="java.lang.NullPointerException">
      <![CDATA[java.lang.NullPointerException
at projectMethods.Base.initializeDriver(Base.java:79)
at ahamaz21.SeleniumBrowserTest.basePageNavigationIn(SeleniumBrowserTest.java:90)
at ahamaz21.SeleniumBrowserTest.SeleniumAutomation1(SeleniumBrowserTest.java:39)
at java.util.ArrayList.forEach(ArrayList.java:1259)
at java.util.concurrent.FutureTask.run(FutureTask.java:266)
at java.util.concurrent.ThreadPoolExecutor.runWorker(ThreadPoolExecutor.java:1149)
at java.util.concurrent.ThreadPoolExecutor$Worker.run(ThreadPoolExecutor.java:624)
at java.lang.Thread.run(Thread.java:748)
... Removed 18 stack frames]]>
    </failure>
  </testcase> <!-- SeleniumAutomation1 -->
  <testcase name="SeleniumAutomation1" time="186.35" classname="ahamaz21.SeleniumBrowserTest">
    <failure type="java.lang.NullPointerException">
      <![CDATA[java.lang.NullPointerException
at projectMethods.Screenshot_Test_Failed.getScreenShotPath(Screenshot_Test_Failed.java:18)
at ahamaz21.ListenerTest.onTestFailure(ListenerTest.java:52)
at java.util.ArrayList.forEach(ArrayList.java:1259)
at java.util.concurrent.FutureTask.run(FutureTask.java:266)
at java.util.concurrent.ThreadPoolExecutor.runWorker(ThreadPoolExecutor.java:1149)
at java.util.concurrent.ThreadPoolExecutor$Worker.run(ThreadPoolExecutor.java:624)
at java.lang.Thread.run(Thread.java:748)
... Removed 15 stack frames]]>
    </failure>
  </testcase> <!-- SeleniumAutomation1 -->
  <testcase name="AppiumMobile1" time="0.0" classname="ahamaz21.AppiumMobileTest">
    <skipped/>
  </testcase> <!-- AppiumMobile1 -->
  <testcase name="AppiumMobile2" time="0.0" classname="ahamaz21.AppiumMobileTest">
    <skipped/>
  </testcase> <!-- AppiumMobile2 -->
</testsuite> <!-- Appium Mobile -->
