<?xml version="1.0" encoding="UTF-8"?>
<!-- Generated by org.testng.reporters.JUnitXMLReporter -->
<testsuite hostname="DESKTOP-A8O5G04" ignored="0" name="Selenium Browser" tests="2" failures="2" timestamp="2022-02-16T16:22:05 GMT" time="249.349" errors="0">
  <testcase name="@AfterTest tearDown" time="0.001" classname="ahamaz21.SeleniumBrowserTest">
    <failure type="java.lang.NullPointerException">
      <![CDATA[java.lang.NullPointerException
at ahamaz21.SeleniumBrowserTest.tearDown(SeleniumBrowserTest.java:86)
at java.util.concurrent.FutureTask.run(FutureTask.java:266)
at java.util.concurrent.ThreadPoolExecutor.runWorker(ThreadPoolExecutor.java:1149)
at java.util.concurrent.ThreadPoolExecutor$Worker.run(ThreadPoolExecutor.java:624)
at java.lang.Thread.run(Thread.java:748)
... Removed 15 stack frames]]>
    </failure>
  </testcase> <!-- @AfterTest tearDown -->
  <testcase name="SeleniumAutomation1" time="249.305" classname="ahamaz21.SeleniumBrowserTest">
    <failure type="java.lang.NullPointerException">
      <![CDATA[java.lang.NullPointerException
at projectMethods.Base.initializeDriver(Base.java:79)
at ahamaz21.SeleniumBrowserTest.basePageNavigationIn(SeleniumBrowserTest.java:90)
at ahamaz21.SeleniumBrowserTest.SeleniumAutomation1(SeleniumBrowserTest.java:39)
at java.util.ArrayList.forEach(ArrayList.java:1259)
at java.util.concurrent.FutureTask.run(FutureTask.java:266)
at java.util.concurrent.ThreadPoolExecutor.runWorker(ThreadPoolExecutor.java:1149)
at java.util.concurrent.ThreadPoolExecutor$Worker.run(ThreadPoolExecutor.java:624)
at java.lang.Thread.run(Thread.java:748)
... Removed 18 stack frames]]>
    </failure>
  </testcase> <!-- SeleniumAutomation1 -->
  <testcase name="SeleniumAutomation1" time="249.326" classname="ahamaz21.SeleniumBrowserTest">
    <failure type="java.lang.NullPointerException">
      <![CDATA[java.lang.NullPointerException
at projectMethods.Screenshot_Test_Failed.getScreenShotPath(Screenshot_Test_Failed.java:18)
at ahamaz21.ListenerTest.onTestFailure(ListenerTest.java:52)
at java.util.ArrayList.forEach(ArrayList.java:1259)
at java.util.concurrent.FutureTask.run(FutureTask.java:266)
at java.util.concurrent.ThreadPoolExecutor.runWorker(ThreadPoolExecutor.java:1149)
at java.util.concurrent.ThreadPoolExecutor$Worker.run(ThreadPoolExecutor.java:624)
at java.lang.Thread.run(Thread.java:748)
... Removed 15 stack frames]]>
    </failure>
  </testcase> <!-- SeleniumAutomation1 -->
</testsuite> <!-- Selenium Browser -->
